c:\users\leeel_000\desktop\backup\cmp303\game\projectclient\projectclient\debug\vc141.pdb
c:\users\leeel_000\desktop\backup\cmp303\game\projectclient\projectclient\debug\vc141.idb
c:\users\leeel_000\desktop\backup\cmp303\game\projectclient\projectclient\debug\ship.obj
c:\users\leeel_000\desktop\backup\cmp303\game\projectclient\projectclient\debug\networkmanager.obj
c:\users\leeel_000\desktop\backup\cmp303\game\projectclient\projectclient\debug\main.obj
c:\users\leeel_000\desktop\backup\cmp303\game\projectclient\projectclient\debug\input.obj
c:\users\leeel_000\desktop\backup\cmp303\game\projectclient\projectclient\debug\sprite.obj
c:\users\leeel_000\desktop\backup\cmp303\game\projectclient\projectclient\debug\enemy.obj
c:\users\leeel_000\desktop\backup\cmp303\game\projectclient\projectclient\debug\cursor.obj
c:\users\leeel_000\desktop\backup\cmp303\game\projectclient\projectclient\debug\player.obj
c:\users\leeel_000\desktop\backup\cmp303\game\projectclient\projectclient\debug\game.obj
c:\users\leeel_000\desktop\backup\cmp303\game\projectclient\projectclient\debug\enemymanager.obj
c:\users\leeel_000\desktop\backup\cmp303\game\projectclient\debug\projectclient.exe
c:\users\leeel_000\desktop\backup\cmp303\game\projectclient\debug\projectclient.ilk
c:\users\leeel_000\desktop\backup\cmp303\game\projectclient\debug\projectclient.pdb
c:\users\leeel_000\desktop\backup\cmp303\game\projectclient\projectclient\debug\projectclient.tlog\cl.command.1.tlog
c:\users\leeel_000\desktop\backup\cmp303\game\projectclient\projectclient\debug\projectclient.tlog\cl.read.1.tlog
c:\users\leeel_000\desktop\backup\cmp303\game\projectclient\projectclient\debug\projectclient.tlog\cl.write.1.tlog
c:\users\leeel_000\desktop\backup\cmp303\game\projectclient\projectclient\debug\projectclient.tlog\link.command.1.tlog
c:\users\leeel_000\desktop\backup\cmp303\game\projectclient\projectclient\debug\projectclient.tlog\link.read.1.tlog
c:\users\leeel_000\desktop\backup\cmp303\game\projectclient\projectclient\debug\projectclient.tlog\link.write.1.tlog
