  Cursor.cpp
  Enemy.cpp
  EnemyManager.cpp
  Game.cpp
  Input.cpp
  Main.cpp
c:\users\user\documents\resits\game\projectclient\projectclient\main.cpp(25): warning C4244: 'argument': conversion from 'unsigned int' to 'T', possible loss of data
          with
          [
              T=float
          ]
c:\users\user\documents\resits\game\projectclient\projectclient\main.cpp(83): warning C4326: return type of 'main' should be 'int' instead of 'void'
c:\users\user\documents\resits\game\projectclient\projectclient\main.cpp(84): warning C4244: 'argument': conversion from 'time_t' to 'unsigned int', possible loss of data
  NetworkManager.cpp
  Player.cpp
c:\users\user\documents\resits\game\projectclient\projectclient\player.cpp(106): warning C4267: 'argument': conversion from 'size_t' to 'int', possible loss of data
  Sprite.cpp
  Generating Code...
Cursor.obj : error LNK2019: unresolved external symbol "__declspec(dllimport) public: void __cdecl sf::Transformable::setPosition(float,float)" (__imp_?setPosition@Transformable@sf@@QEAAXMM@Z) referenced in function "public: virtual void __cdecl Cursor::update(float)" (?update@Cursor@@UEAAXM@Z)
Game.obj : error LNK2001: unresolved external symbol "__declspec(dllimport) public: void __cdecl sf::Transformable::setPosition(float,float)" (__imp_?setPosition@Transformable@sf@@QEAAXMM@Z)
Sprite.obj : error LNK2001: unresolved external symbol "private: virtual void __cdecl sf::Shape::draw(class sf::RenderTarget &,class sf::RenderStates)const " (?draw@Shape@sf@@EEBAXAEAVRenderTarget@2@VRenderStates@2@@Z)
Cursor.obj : error LNK2001: unresolved external symbol "private: virtual void __cdecl sf::Shape::draw(class sf::RenderTarget &,class sf::RenderStates)const " (?draw@Shape@sf@@EEBAXAEAVRenderTarget@2@VRenderStates@2@@Z)
Enemy.obj : error LNK2001: unresolved external symbol "private: virtual void __cdecl sf::Shape::draw(class sf::RenderTarget &,class sf::RenderStates)const " (?draw@Shape@sf@@EEBAXAEAVRenderTarget@2@VRenderStates@2@@Z)
EnemyManager.obj : error LNK2001: unresolved external symbol "private: virtual void __cdecl sf::Shape::draw(class sf::RenderTarget &,class sf::RenderStates)const " (?draw@Shape@sf@@EEBAXAEAVRenderTarget@2@VRenderStates@2@@Z)
Player.obj : error LNK2001: unresolved external symbol "private: virtual void __cdecl sf::Shape::draw(class sf::RenderTarget &,class sf::RenderStates)const " (?draw@Shape@sf@@EEBAXAEAVRenderTarget@2@VRenderStates@2@@Z)
Sprite.obj : error LNK2001: unresolved external symbol "public: virtual class sf::Vector2<float> __cdecl sf::RectangleShape::getPoint(unsigned __int64)const " (?getPoint@RectangleShape@sf@@UEBA?AV?$Vector2@M@2@_K@Z)
Cursor.obj : error LNK2001: unresolved external symbol "public: virtual class sf::Vector2<float> __cdecl sf::RectangleShape::getPoint(unsigned __int64)const " (?getPoint@RectangleShape@sf@@UEBA?AV?$Vector2@M@2@_K@Z)
Enemy.obj : error LNK2001: unresolved external symbol "public: virtual class sf::Vector2<float> __cdecl sf::RectangleShape::getPoint(unsigned __int64)const " (?getPoint@RectangleShape@sf@@UEBA?AV?$Vector2@M@2@_K@Z)
EnemyManager.obj : error LNK2001: unresolved external symbol "public: virtual class sf::Vector2<float> __cdecl sf::RectangleShape::getPoint(unsigned __int64)const " (?getPoint@RectangleShape@sf@@UEBA?AV?$Vector2@M@2@_K@Z)
Player.obj : error LNK2001: unresolved external symbol "public: virtual class sf::Vector2<float> __cdecl sf::RectangleShape::getPoint(unsigned __int64)const " (?getPoint@RectangleShape@sf@@UEBA?AV?$Vector2@M@2@_K@Z)
Sprite.obj : error LNK2001: unresolved external symbol "public: virtual unsigned __int64 __cdecl sf::RectangleShape::getPointCount(void)const " (?getPointCount@RectangleShape@sf@@UEBA_KXZ)
Cursor.obj : error LNK2001: unresolved external symbol "public: virtual unsigned __int64 __cdecl sf::RectangleShape::getPointCount(void)const " (?getPointCount@RectangleShape@sf@@UEBA_KXZ)
Enemy.obj : error LNK2001: unresolved external symbol "public: virtual unsigned __int64 __cdecl sf::RectangleShape::getPointCount(void)const " (?getPointCount@RectangleShape@sf@@UEBA_KXZ)
EnemyManager.obj : error LNK2001: unresolved external symbol "public: virtual unsigned __int64 __cdecl sf::RectangleShape::getPointCount(void)const " (?getPointCount@RectangleShape@sf@@UEBA_KXZ)
Player.obj : error LNK2001: unresolved external symbol "public: virtual unsigned __int64 __cdecl sf::RectangleShape::getPointCount(void)const " (?getPointCount@RectangleShape@sf@@UEBA_KXZ)
Enemy.obj : error LNK2019: unresolved external symbol "__declspec(dllimport) public: void __cdecl sf::RectangleShape::setSize(class sf::Vector2<float> const &)" (__imp_?setSize@RectangleShape@sf@@QEAAXAEBV?$Vector2@M@2@@Z) referenced in function "public: void __cdecl Enemy::updateStatus(class sf::Vector2<float>,class sf::Vector2<float>,class sf::Vector2<float>,float)" (?updateStatus@Enemy@@QEAAXV?$Vector2@M@sf@@00M@Z)
EnemyManager.obj : error LNK2001: unresolved external symbol "__declspec(dllimport) public: void __cdecl sf::RectangleShape::setSize(class sf::Vector2<float> const &)" (__imp_?setSize@RectangleShape@sf@@QEAAXAEBV?$Vector2@M@2@@Z)
Game.obj : error LNK2001: unresolved external symbol "__declspec(dllimport) public: void __cdecl sf::RectangleShape::setSize(class sf::Vector2<float> const &)" (__imp_?setSize@RectangleShape@sf@@QEAAXAEBV?$Vector2@M@2@@Z)
Player.obj : error LNK2001: unresolved external symbol "__declspec(dllimport) public: void __cdecl sf::RectangleShape::setSize(class sf::Vector2<float> const &)" (__imp_?setSize@RectangleShape@sf@@QEAAXAEBV?$Vector2@M@2@@Z)
EnemyManager.obj : error LNK2019: unresolved external symbol "__declspec(dllimport) public: void __cdecl sf::Transformable::setPosition(class sf::Vector2<float> const &)" (__imp_?setPosition@Transformable@sf@@QEAAXAEBV?$Vector2@M@2@@Z) referenced in function "public: void __cdecl EnemyManager::addEnemy(class sf::Vector2<float>,class sf::Vector2<float>,class sf::Vector2<float>,int,float)" (?addEnemy@EnemyManager@@QEAAXV?$Vector2@M@sf@@00HM@Z)
Game.obj : error LNK2001: unresolved external symbol "__declspec(dllimport) public: void __cdecl sf::Transformable::setPosition(class sf::Vector2<float> const &)" (__imp_?setPosition@Transformable@sf@@QEAAXAEBV?$Vector2@M@2@@Z)
Player.obj : error LNK2001: unresolved external symbol "__declspec(dllimport) public: void __cdecl sf::Transformable::setPosition(class sf::Vector2<float> const &)" (__imp_?setPosition@Transformable@sf@@QEAAXAEBV?$Vector2@M@2@@Z)
EnemyManager.obj : error LNK2019: unresolved external symbol "__declspec(dllimport) public: void __cdecl sf::Transformable::setRotation(float)" (__imp_?setRotation@Transformable@sf@@QEAAXM@Z) referenced in function "public: void __cdecl EnemyManager::addEnemy(class sf::Vector2<float>,class sf::Vector2<float>,class sf::Vector2<float>,int,float)" (?addEnemy@EnemyManager@@QEAAXV?$Vector2@M@sf@@00HM@Z)
Player.obj : error LNK2001: unresolved external symbol "__declspec(dllimport) public: void __cdecl sf::Transformable::setRotation(float)" (__imp_?setRotation@Transformable@sf@@QEAAXM@Z)
Sprite.obj : error LNK2001: unresolved external symbol "__declspec(dllimport) public: class sf::Vector2<float> const & __cdecl sf::Transformable::getPosition(void)const " (__imp_?getPosition@Transformable@sf@@QEBAAEBV?$Vector2@M@2@XZ)
EnemyManager.obj : error LNK2001: unresolved external symbol "__declspec(dllimport) public: class sf::Vector2<float> const & __cdecl sf::Transformable::getPosition(void)const " (__imp_?getPosition@Transformable@sf@@QEBAAEBV?$Vector2@M@2@XZ)
Game.obj : error LNK2001: unresolved external symbol "__declspec(dllimport) public: class sf::Vector2<float> const & __cdecl sf::Transformable::getPosition(void)const " (__imp_?getPosition@Transformable@sf@@QEBAAEBV?$Vector2@M@2@XZ)
NetworkManager.obj : error LNK2001: unresolved external symbol "__declspec(dllimport) public: class sf::Vector2<float> const & __cdecl sf::Transformable::getPosition(void)const " (__imp_?getPosition@Transformable@sf@@QEBAAEBV?$Vector2@M@2@XZ)
Player.obj : error LNK2001: unresolved external symbol "__declspec(dllimport) public: class sf::Vector2<float> const & __cdecl sf::Transformable::getPosition(void)const " (__imp_?getPosition@Transformable@sf@@QEBAAEBV?$Vector2@M@2@XZ)
EnemyManager.obj : error LNK2019: unresolved external symbol "__declspec(dllimport) public: void __cdecl sf::Shape::setTexture(class sf::Texture const *,bool)" (__imp_?setTexture@Shape@sf@@QEAAXPEBVTexture@2@_N@Z) referenced in function "public: void __cdecl EnemyManager::addEnemy(class sf::Vector2<float>,class sf::Vector2<float>,class sf::Vector2<float>,int,float)" (?addEnemy@EnemyManager@@QEAAXV?$Vector2@M@sf@@00HM@Z)
Game.obj : error LNK2001: unresolved external symbol "__declspec(dllimport) public: void __cdecl sf::Shape::setTexture(class sf::Texture const *,bool)" (__imp_?setTexture@Shape@sf@@QEAAXPEBVTexture@2@_N@Z)
EnemyManager.obj : error LNK2019: unresolved external symbol "__declspec(dllimport) public: __cdecl sf::Texture::Texture(void)" (__imp_??0Texture@sf@@QEAA@XZ) referenced in function "public: __cdecl EnemyManager::EnemyManager(void)" (??0EnemyManager@@QEAA@XZ)
Game.obj : error LNK2001: unresolved external symbol "__declspec(dllimport) public: __cdecl sf::Texture::Texture(void)" (__imp_??0Texture@sf@@QEAA@XZ)
EnemyManager.obj : error LNK2019: unresolved external symbol "__declspec(dllimport) public: __cdecl sf::Texture::~Texture(void)" (__imp_??1Texture@sf@@QEAA@XZ) referenced in function "int `public: __cdecl EnemyManager::EnemyManager(void)'::`1'::dtor$1" (?dtor$1@?0???0EnemyManager@@QEAA@XZ@4HA)
Game.obj : error LNK2001: unresolved external symbol "__declspec(dllimport) public: __cdecl sf::Texture::~Texture(void)" (__imp_??1Texture@sf@@QEAA@XZ)
EnemyManager.obj : error LNK2019: unresolved external symbol "__declspec(dllimport) public: bool __cdecl sf::Texture::loadFromFile(class std::basic_string<char,struct std::char_traits<char>,class std::allocator<char> > const &,class sf::Rect<int> const &)" (__imp_?loadFromFile@Texture@sf@@QEAA_NAEBV?$basic_string@DU?$char_traits@D@std@@V?$allocator@D@2@@std@@AEBV?$Rect@H@2@@Z) referenced in function "public: __cdecl EnemyManager::EnemyManager(void)" (??0EnemyManager@@QEAA@XZ)
Game.obj : error LNK2001: unresolved external symbol "__declspec(dllimport) public: bool __cdecl sf::Texture::loadFromFile(class std::basic_string<char,struct std::char_traits<char>,class std::allocator<char> > const &,class sf::Rect<int> const &)" (__imp_?loadFromFile@Texture@sf@@QEAA_NAEBV?$basic_string@DU?$char_traits@D@std@@V?$allocator@D@2@@std@@AEBV?$Rect@H@2@@Z)
EnemyManager.obj : error LNK2019: unresolved external symbol "__declspec(dllimport) public: __cdecl sf::RectangleShape::RectangleShape(class sf::RectangleShape const &)" (__imp_??0RectangleShape@sf@@QEAA@AEBV01@@Z) referenced in function "public: __cdecl Sprite::Sprite(class Sprite const &)" (??0Sprite@@QEAA@AEBV0@@Z)
EnemyManager.obj : error LNK2019: unresolved external symbol "__declspec(dllimport) public: void __cdecl sf::RenderTarget::draw(class sf::Drawable const &,class sf::RenderStates const &)" (__imp_?draw@RenderTarget@sf@@QEAAXAEBVDrawable@2@AEBVRenderStates@2@@Z) referenced in function "public: void __cdecl EnemyManager::render(class sf::RenderWindow *)" (?render@EnemyManager@@QEAAXPEAVRenderWindow@sf@@@Z)
Game.obj : error LNK2001: unresolved external symbol "__declspec(dllimport) public: void __cdecl sf::RenderTarget::draw(class sf::Drawable const &,class sf::RenderStates const &)" (__imp_?draw@RenderTarget@sf@@QEAAXAEBVDrawable@2@AEBVRenderStates@2@@Z)
EnemyManager.obj : error LNK2001: unresolved external symbol "__declspec(dllimport) public: static class sf::RenderStates const sf::RenderStates::Default" (__imp_?Default@RenderStates@sf@@2V12@B)
Game.obj : error LNK2001: unresolved external symbol "__declspec(dllimport) public: static class sf::RenderStates const sf::RenderStates::Default" (__imp_?Default@RenderStates@sf@@2V12@B)
Game.obj : error LNK2019: unresolved external symbol "__declspec(dllimport) public: float __cdecl sf::Time::asSeconds(void)const " (__imp_?asSeconds@Time@sf@@QEBAMXZ) referenced in function "public: void __cdecl Game::Update(float)" (?Update@Game@@QEAAXM@Z)
Main.obj : error LNK2001: unresolved external symbol "__declspec(dllimport) public: float __cdecl sf::Time::asSeconds(void)const " (__imp_?asSeconds@Time@sf@@QEBAMXZ)
Game.obj : error LNK2019: unresolved external symbol "__declspec(dllimport) public: __cdecl sf::Clock::Clock(void)" (__imp_??0Clock@sf@@QEAA@XZ) referenced in function "public: __cdecl Game::Game(class sf::RenderWindow *,class Input *)" (??0Game@@QEAA@PEAVRenderWindow@sf@@PEAVInput@@@Z)
Main.obj : error LNK2001: unresolved external symbol "__declspec(dllimport) public: __cdecl sf::Clock::Clock(void)" (__imp_??0Clock@sf@@QEAA@XZ)
Game.obj : error LNK2019: unresolved external symbol "__declspec(dllimport) public: class sf::Time __cdecl sf::Clock::restart(void)" (__imp_?restart@Clock@sf@@QEAA?AVTime@2@XZ) referenced in function "public: void __cdecl Game::Update(float)" (?Update@Game@@QEAAXM@Z)
Main.obj : error LNK2001: unresolved external symbol "__declspec(dllimport) public: class sf::Time __cdecl sf::Clock::restart(void)" (__imp_?restart@Clock@sf@@QEAA?AVTime@2@XZ)
Game.obj : error LNK2019: unresolved external symbol "__declspec(dllimport) public: void __cdecl sf::Window::setMouseCursorVisible(bool)" (__imp_?setMouseCursorVisible@Window@sf@@QEAAX_N@Z) referenced in function "public: __cdecl Game::Game(class sf::RenderWindow *,class Input *)" (??0Game@@QEAA@PEAVRenderWindow@sf@@PEAVInput@@@Z)
Game.obj : error LNK2019: unresolved external symbol "__declspec(dllimport) public: void __cdecl sf::Window::display(void)" (__imp_?display@Window@sf@@QEAAXXZ) referenced in function "public: void __cdecl Game::Render(void)" (?Render@Game@@QEAAXXZ)
Game.obj : error LNK2019: unresolved external symbol "__declspec(dllimport) public: void __cdecl sf::Transformable::setOrigin(float,float)" (__imp_?setOrigin@Transformable@sf@@QEAAXMM@Z) referenced in function "public: __cdecl Game::Game(class sf::RenderWindow *,class Input *)" (??0Game@@QEAA@PEAVRenderWindow@sf@@PEAVInput@@@Z)
Game.obj : error LNK2019: unresolved external symbol "__declspec(dllimport) public: __cdecl sf::Color::Color(unsigned char,unsigned char,unsigned char,unsigned char)" (__imp_??0Color@sf@@QEAA@EEEE@Z) referenced in function "public: void __cdecl Game::Render(void)" (?Render@Game@@QEAAXXZ)
Game.obj : error LNK2019: unresolved external symbol "__declspec(dllimport) public: __cdecl sf::RectangleShape::RectangleShape(class sf::Vector2<float> const &)" (__imp_??0RectangleShape@sf@@QEAA@AEBV?$Vector2@M@1@@Z) referenced in function "public: __cdecl Game::Game(class sf::RenderWindow *,class Input *)" (??0Game@@QEAA@PEAVRenderWindow@sf@@PEAVInput@@@Z)
Sprite.obj : error LNK2001: unresolved external symbol "__declspec(dllimport) public: __cdecl sf::RectangleShape::RectangleShape(class sf::Vector2<float> const &)" (__imp_??0RectangleShape@sf@@QEAA@AEBV?$Vector2@M@1@@Z)
Game.obj : error LNK2019: unresolved external symbol "__declspec(dllimport) public: virtual __cdecl sf::RectangleShape::~RectangleShape(void)" (__imp_??1RectangleShape@sf@@UEAA@XZ) referenced in function "int `public: __cdecl Game::Game(class sf::RenderWindow *,class Input *)'::`1'::dtor$8" (?dtor$8@?0???0Game@@QEAA@PEAVRenderWindow@sf@@PEAVInput@@@Z@4HA)
Sprite.obj : error LNK2001: unresolved external symbol "__declspec(dllimport) public: virtual __cdecl sf::RectangleShape::~RectangleShape(void)" (__imp_??1RectangleShape@sf@@UEAA@XZ)
Game.obj : error LNK2019: unresolved external symbol "__declspec(dllimport) public: __cdecl sf::View::View(class sf::Vector2<float> const &,class sf::Vector2<float> const &)" (__imp_??0View@sf@@QEAA@AEBV?$Vector2@M@1@0@Z) referenced in function "public: __cdecl Game::Game(class sf::RenderWindow *,class Input *)" (??0Game@@QEAA@PEAVRenderWindow@sf@@PEAVInput@@@Z)
Game.obj : error LNK2019: unresolved external symbol "__declspec(dllimport) public: void __cdecl sf::View::setCenter(class sf::Vector2<float> const &)" (__imp_?setCenter@View@sf@@QEAAXAEBV?$Vector2@M@2@@Z) referenced in function "public: void __cdecl Game::Update(float)" (?Update@Game@@QEAAXM@Z)
Game.obj : error LNK2019: unresolved external symbol "__declspec(dllimport) public: class sf::Vector2<float> const & __cdecl sf::View::getCenter(void)const " (__imp_?getCenter@View@sf@@QEBAAEBV?$Vector2@M@2@XZ) referenced in function "public: void __cdecl Game::Update(float)" (?Update@Game@@QEAAXM@Z)
Game.obj : error LNK2019: unresolved external symbol "__declspec(dllimport) public: void __cdecl sf::RenderTarget::clear(class sf::Color const &)" (__imp_?clear@RenderTarget@sf@@QEAAXAEBVColor@2@@Z) referenced in function "public: void __cdecl Game::Render(void)" (?Render@Game@@QEAAXXZ)
Game.obj : error LNK2019: unresolved external symbol "__declspec(dllimport) public: void __cdecl sf::RenderTarget::setView(class sf::View const &)" (__imp_?setView@RenderTarget@sf@@QEAAXAEBVView@2@@Z) referenced in function "public: __cdecl Game::Game(class sf::RenderWindow *,class Input *)" (??0Game@@QEAA@PEAVRenderWindow@sf@@PEAVInput@@@Z)
Main.obj : error LNK2001: unresolved external symbol "__declspec(dllimport) public: void __cdecl sf::RenderTarget::setView(class sf::View const &)" (__imp_?setView@RenderTarget@sf@@QEAAXAEBVView@2@@Z)
Game.obj : error LNK2019: unresolved external symbol "__declspec(dllimport) public: class sf::View const & __cdecl sf::RenderTarget::getView(void)const " (__imp_?getView@RenderTarget@sf@@QEBAAEBVView@2@XZ) referenced in function "public: void __cdecl Game::Update(float)" (?Update@Game@@QEAAXM@Z)
Main.obj : error LNK2019: unresolved external symbol "__declspec(dllimport) public: __cdecl sf::String::String(char const *,class std::locale const &)" (__imp_??0String@sf@@QEAA@PEBDAEBVlocale@std@@@Z) referenced in function main
Main.obj : error LNK2019: unresolved external symbol "__declspec(dllimport) public: __cdecl sf::String::~String(void)" (__imp_??1String@sf@@QEAA@XZ) referenced in function main
Main.obj : error LNK2019: unresolved external symbol "__declspec(dllimport) public: __cdecl sf::VideoMode::VideoMode(unsigned int,unsigned int,unsigned int)" (__imp_??0VideoMode@sf@@QEAA@III@Z) referenced in function main
Main.obj : error LNK2019: unresolved external symbol "__declspec(dllimport) public: void __cdecl sf::Window::close(void)" (__imp_?close@Window@sf@@QEAAXXZ) referenced in function "void __cdecl processInput(class sf::RenderWindow *,class Input *)" (?processInput@@YAXPEAVRenderWindow@sf@@PEAVInput@@@Z)
Main.obj : error LNK2019: unresolved external symbol "__declspec(dllimport) public: bool __cdecl sf::Window::isOpen(void)const " (__imp_?isOpen@Window@sf@@QEBA_NXZ) referenced in function main
Main.obj : error LNK2019: unresolved external symbol "__declspec(dllimport) public: bool __cdecl sf::Window::pollEvent(class sf::Event &)" (__imp_?pollEvent@Window@sf@@QEAA_NAEAVEvent@2@@Z) referenced in function "void __cdecl processInput(class sf::RenderWindow *,class Input *)" (?processInput@@YAXPEAVRenderWindow@sf@@PEAVInput@@@Z)
Main.obj : error LNK2019: unresolved external symbol "__declspec(dllimport) public: __cdecl sf::View::View(class sf::Rect<float> const &)" (__imp_??0View@sf@@QEAA@AEBV?$Rect@M@1@@Z) referenced in function "void __cdecl processInput(class sf::RenderWindow *,class Input *)" (?processInput@@YAXPEAVRenderWindow@sf@@PEAVInput@@@Z)
Main.obj : error LNK2019: unresolved external symbol "__declspec(dllimport) public: __cdecl sf::RenderWindow::RenderWindow(class sf::VideoMode,class sf::String const &,unsigned int,struct sf::ContextSettings const &)" (__imp_??0RenderWindow@sf@@QEAA@VVideoMode@1@AEBVString@1@IAEBUContextSettings@1@@Z) referenced in function main
Main.obj : error LNK2019: unresolved external symbol "__declspec(dllimport) public: virtual __cdecl sf::RenderWindow::~RenderWindow(void)" (__imp_??1RenderWindow@sf@@UEAA@XZ) referenced in function main
NetworkManager.obj : error LNK2019: unresolved external symbol "__declspec(dllimport) public: void __cdecl sf::Socket::setBlocking(bool)" (__imp_?setBlocking@Socket@sf@@QEAAX_N@Z) referenced in function "public: __cdecl NetworkManager::NetworkManager(void)" (??0NetworkManager@@QEAA@XZ)
NetworkManager.obj : error LNK2019: unresolved external symbol "__declspec(dllimport) public: __cdecl sf::IpAddress::IpAddress(void)" (__imp_??0IpAddress@sf@@QEAA@XZ) referenced in function "public: void __cdecl NetworkManager::updateEnemies(class EnemyManager *)" (?updateEnemies@NetworkManager@@QEAAXPEAVEnemyManager@@@Z)
NetworkManager.obj : error LNK2019: unresolved external symbol "__declspec(dllimport) public: __cdecl sf::IpAddress::IpAddress(char const *)" (__imp_??0IpAddress@sf@@QEAA@PEBD@Z) referenced in function "public: void __cdecl NetworkManager::updatePosition(class Player *)" (?updatePosition@NetworkManager@@QEAAXPEAVPlayer@@@Z)
NetworkManager.obj : error LNK2019: unresolved external symbol "__declspec(dllimport) public: __cdecl sf::Packet::Packet(void)" (__imp_??0Packet@sf@@QEAA@XZ) referenced in function "public: void __cdecl NetworkManager::updateEnemies(class EnemyManager *)" (?updateEnemies@NetworkManager@@QEAAXPEAVEnemyManager@@@Z)
NetworkManager.obj : error LNK2019: unresolved external symbol "__declspec(dllimport) public: virtual __cdecl sf::Packet::~Packet(void)" (__imp_??1Packet@sf@@UEAA@XZ) referenced in function "public: void __cdecl NetworkManager::updateEnemies(class EnemyManager *)" (?updateEnemies@NetworkManager@@QEAAXPEAVEnemyManager@@@Z)
NetworkManager.obj : error LNK2019: unresolved external symbol "__declspec(dllimport) public: class sf::Packet & __cdecl sf::Packet::operator>>(int &)" (__imp_??5Packet@sf@@QEAAAEAV01@AEAH@Z) referenced in function "public: void __cdecl NetworkManager::updateEnemies(class EnemyManager *)" (?updateEnemies@NetworkManager@@QEAAXPEAVEnemyManager@@@Z)
NetworkManager.obj : error LNK2019: unresolved external symbol "__declspec(dllimport) public: class sf::Packet & __cdecl sf::Packet::operator>>(float &)" (__imp_??5Packet@sf@@QEAAAEAV01@AEAM@Z) referenced in function "public: void __cdecl NetworkManager::updateEnemies(class EnemyManager *)" (?updateEnemies@NetworkManager@@QEAAXPEAVEnemyManager@@@Z)
NetworkManager.obj : error LNK2019: unresolved external symbol "__declspec(dllimport) public: class sf::Packet & __cdecl sf::Packet::operator>>(class std::basic_string<char,struct std::char_traits<char>,class std::allocator<char> > &)" (__imp_??5Packet@sf@@QEAAAEAV01@AEAV?$basic_string@DU?$char_traits@D@std@@V?$allocator@D@2@@std@@@Z) referenced in function "public: void __cdecl NetworkManager::updateEnemies(class EnemyManager *)" (?updateEnemies@NetworkManager@@QEAAXPEAVEnemyManager@@@Z)
NetworkManager.obj : error LNK2019: unresolved external symbol "__declspec(dllimport) public: class sf::Packet & __cdecl sf::Packet::operator<<(float)" (__imp_??6Packet@sf@@QEAAAEAV01@M@Z) referenced in function "public: void __cdecl NetworkManager::updatePosition(class Player *)" (?updatePosition@NetworkManager@@QEAAXPEAVPlayer@@@Z)
NetworkManager.obj : error LNK2019: unresolved external symbol "__declspec(dllimport) public: __cdecl sf::UdpSocket::UdpSocket(void)" (__imp_??0UdpSocket@sf@@QEAA@XZ) referenced in function "public: __cdecl NetworkManager::NetworkManager(void)" (??0NetworkManager@@QEAA@XZ)
NetworkManager.obj : error LNK2019: unresolved external symbol "__declspec(dllimport) public: unsigned short __cdecl sf::UdpSocket::getLocalPort(void)const " (__imp_?getLocalPort@UdpSocket@sf@@QEBAGXZ) referenced in function "public: __cdecl NetworkManager::NetworkManager(void)" (??0NetworkManager@@QEAA@XZ)
NetworkManager.obj : error LNK2019: unresolved external symbol "__declspec(dllimport) public: enum sf::Socket::Status __cdecl sf::UdpSocket::bind(unsigned short,class sf::IpAddress const &)" (__imp_?bind@UdpSocket@sf@@QEAA?AW4Status@Socket@2@GAEBVIpAddress@2@@Z) referenced in function "public: __cdecl NetworkManager::NetworkManager(void)" (??0NetworkManager@@QEAA@XZ)
NetworkManager.obj : error LNK2019: unresolved external symbol "__declspec(dllimport) public: enum sf::Socket::Status __cdecl sf::UdpSocket::send(class sf::Packet &,class sf::IpAddress const &,unsigned short)" (__imp_?send@UdpSocket@sf@@QEAA?AW4Status@Socket@2@AEAVPacket@2@AEBVIpAddress@2@G@Z) referenced in function "public: void __cdecl NetworkManager::updatePosition(class Player *)" (?updatePosition@NetworkManager@@QEAAXPEAVPlayer@@@Z)
NetworkManager.obj : error LNK2019: unresolved external symbol "__declspec(dllimport) public: enum sf::Socket::Status __cdecl sf::UdpSocket::receive(class sf::Packet &,class sf::IpAddress &,unsigned short &)" (__imp_?receive@UdpSocket@sf@@QEAA?AW4Status@Socket@2@AEAVPacket@2@AEAVIpAddress@2@AEAG@Z) referenced in function "public: void __cdecl NetworkManager::updateEnemies(class EnemyManager *)" (?updateEnemies@NetworkManager@@QEAAXPEAVEnemyManager@@@Z)
NetworkManager.obj : error LNK2019: unresolved external symbol "__declspec(dllimport) public: virtual __cdecl sf::UdpSocket::~UdpSocket(void)" (__imp_??1UdpSocket@sf@@UEAA@XZ) referenced in function "int `public: __cdecl NetworkManager::NetworkManager(void)'::`1'::dtor$0" (?dtor$0@?0???0NetworkManager@@QEAA@XZ@4HA)
NetworkManager.obj : error LNK2019: unresolved external symbol "__declspec(dllimport) public: float __cdecl sf::Transformable::getRotation(void)const " (__imp_?getRotation@Transformable@sf@@QEBAMXZ) referenced in function "public: void __cdecl NetworkManager::updatePosition(class Player *)" (?updatePosition@NetworkManager@@QEAAXPEAVPlayer@@@Z)
NetworkManager.obj : error LNK2019: unresolved external symbol "__declspec(dllimport) public: class sf::Vector2<float> const & __cdecl sf::Transformable::getOrigin(void)const " (__imp_?getOrigin@Transformable@sf@@QEBAAEBV?$Vector2@M@2@XZ) referenced in function "public: void __cdecl NetworkManager::updatePosition(class Player *)" (?updatePosition@NetworkManager@@QEAAXPEAVPlayer@@@Z)
Player.obj : error LNK2001: unresolved external symbol "__declspec(dllimport) public: class sf::Vector2<float> const & __cdecl sf::Transformable::getOrigin(void)const " (__imp_?getOrigin@Transformable@sf@@QEBAAEBV?$Vector2@M@2@XZ)
NetworkManager.obj : error LNK2019: unresolved external symbol "__declspec(dllimport) public: class sf::Vector2<float> const & __cdecl sf::RectangleShape::getSize(void)const " (__imp_?getSize@RectangleShape@sf@@QEBAAEBV?$Vector2@M@2@XZ) referenced in function "public: void __cdecl NetworkManager::updatePosition(class Player *)" (?updatePosition@NetworkManager@@QEAAXPEAVPlayer@@@Z)
Player.obj : error LNK2001: unresolved external symbol "__declspec(dllimport) public: class sf::Vector2<float> const & __cdecl sf::RectangleShape::getSize(void)const " (__imp_?getSize@RectangleShape@sf@@QEBAAEBV?$Vector2@M@2@XZ)
Sprite.obj : error LNK2001: unresolved external symbol "__declspec(dllimport) public: class sf::Vector2<float> const & __cdecl sf::RectangleShape::getSize(void)const " (__imp_?getSize@RectangleShape@sf@@QEBAAEBV?$Vector2@M@2@XZ)
NetworkManager.obj : error LNK2001: unresolved external symbol "__declspec(dllimport) public: static class sf::IpAddress const sf::IpAddress::Any" (__imp_?Any@IpAddress@sf@@2V12@B)
Player.obj : error LNK2019: unresolved external symbol "__declspec(dllimport) public: static class sf::Vector2<int> __cdecl sf::Mouse::getPosition(class sf::Window const &)" (__imp_?getPosition@Mouse@sf@@SA?AV?$Vector2@H@2@AEBVWindow@2@@Z) referenced in function "public: virtual void __cdecl Player::update(float)" (?update@Player@@UEAAXM@Z)
Player.obj : error LNK2019: unresolved external symbol "__declspec(dllimport) public: void __cdecl sf::Transformable::setOrigin(class sf::Vector2<float> const &)" (__imp_?setOrigin@Transformable@sf@@QEAAXAEBV?$Vector2@M@2@@Z) referenced in function "protected: void __cdecl Player::checkCollision(void)" (?checkCollision@Player@@IEAAXXZ)
Player.obj : error LNK2019: unresolved external symbol "__declspec(dllimport) public: class sf::Vector2<float> __cdecl sf::RenderTarget::mapPixelToCoords(class sf::Vector2<int> const &)const " (__imp_?mapPixelToCoords@RenderTarget@sf@@QEBA?AV?$Vector2@M@2@AEBV?$Vector2@H@2@@Z) referenced in function "public: virtual void __cdecl Player::update(float)" (?update@Player@@UEAAXM@Z)
C:\Users\User\Documents\Resits\Game\ProjectClient\Debug\ProjectClient.exe : fatal error LNK1120: 61 unresolved externals
