  EnemyManager.cpp
c:\users\user\documents\github\seabattlegame\projectclient\projectclient\enemymanager.cpp(56): warning C4305: '*=': truncation from 'double' to 'float'
c:\users\user\documents\github\seabattlegame\projectclient\projectclient\enemymanager.cpp(100): warning C4305: '*=': truncation from 'double' to 'float'
  Game.cpp
  Main.cpp
c:\users\user\documents\github\seabattlegame\projectclient\projectclient\main.cpp(25): warning C4244: 'argument': conversion from 'unsigned int' to 'T', possible loss of data
          with
          [
              T=float
          ]
c:\users\user\documents\github\seabattlegame\projectclient\projectclient\main.cpp(83): warning C4326: return type of 'main' should be 'int' instead of 'void'
c:\users\user\documents\github\seabattlegame\projectclient\projectclient\main.cpp(84): warning C4244: 'argument': conversion from 'time_t' to 'unsigned int', possible loss of data
  NetworkManager.cpp
  Player.cpp
c:\users\user\documents\github\seabattlegame\projectclient\projectclient\player.cpp(87): warning C4244: 'argument': conversion from 'double' to 'float', possible loss of data
c:\users\user\documents\github\seabattlegame\projectclient\projectclient\player.cpp(88): warning C4244: 'argument': conversion from 'double' to 'float', possible loss of data
c:\users\user\documents\github\seabattlegame\projectclient\projectclient\player.cpp(101): warning C4244: 'argument': conversion from 'double' to 'float', possible loss of data
c:\users\user\documents\github\seabattlegame\projectclient\projectclient\player.cpp(102): warning C4244: 'argument': conversion from 'double' to 'float', possible loss of data
c:\users\user\documents\github\seabattlegame\projectclient\projectclient\player.cpp(111): warning C4244: '=': conversion from 'double' to 'float', possible loss of data
c:\users\user\documents\github\seabattlegame\projectclient\projectclient\player.cpp(114): warning C4244: '=': conversion from 'double' to 'float', possible loss of data
c:\users\user\documents\github\seabattlegame\projectclient\projectclient\player.cpp(145): warning C4244: 'argument': conversion from 'double' to 'float', possible loss of data
c:\users\user\documents\github\seabattlegame\projectclient\projectclient\player.cpp(146): warning C4244: 'argument': conversion from 'double' to 'float', possible loss of data
  Generating Code...
  ProjectClient.vcxproj -> C:\Users\User\Documents\GitHub\SeaBattleGame\ProjectClient\Debug\ProjectClient.exe
